#-----------------------------------------------------------
# PlanAhead v14.7
# Build 321239 by xbuild on Fri Sep 27 19:31:35 MDT 2013
# Start of session at: Wed Jan 10 14:38:15 2024
# Process ID: 13004
# Log file: E:/CADP/NeonBlast/planAhead_run_1/planAhead.log
# Journal file: E:/CADP/NeonBlast/planAhead_run_1/planAhead.jou
#-----------------------------------------------------------
INFO: [Common 17-78] Attempting to get a license: PlanAhead
INFO: [Common 17-290] Got license for PlanAhead
INFO: [Device 21-36] Loading parts and site information from C:/Xilinx/14.7/ISE_DS/PlanAhead/data/parts/arch.xml
Parsing RTL primitives file [C:/Xilinx/14.7/ISE_DS/PlanAhead/data/parts/xilinx/rtl/prims/rtl_prims.xml]
Finished parsing RTL primitives file [C:/Xilinx/14.7/ISE_DS/PlanAhead/data/parts/xilinx/rtl/prims/rtl_prims.xml]
start_gui
source E:/CADP/NeonBlast/pa.fromHdl.tcl
# create_project -name NeonBlast -dir "E:/CADP/NeonBlast/planAhead_run_2" -part xc6slx9tqg144-3
# set_param project.pinAheadLayout yes
# set srcset [get_property srcset [current_run -impl]]
# set_property target_constrs_file "vga.ucf" [current_fileset -constrset]
Adding file 'E:/CADP/NeonBlast/vga.ucf' to fileset 'constrs_1'
# set hdlfile [add_files [list {VGA_Square.vhd}]]
# set_property file_type VHDL $hdlfile
# set_property library work $hdlfile
# set hdlfile [add_files [list {VGA_controller.vhd}]]
# set_property file_type VHDL $hdlfile
# set_property library work $hdlfile
# set hdlfile [add_files [list {NeonBlast.vhd}]]
# set_property file_type VHDL $hdlfile
# set_property library work $hdlfile
# set_property top NeonBlast $srcset
# add_files [list {vga.ucf}] -fileset [get_property constrset [current_run]]
# open_rtl_design -part xc6slx9tqg144-3
Using Verific elaboration
Parsing VHDL file "C:/Xilinx/14.7/ISE_DS/PlanAhead/data/parts/xilinx/rtl/lib/synplify/synattr.vhd" into library synplify
Parsing VHDL file "C:/Xilinx/14.7/ISE_DS/PlanAhead/data/parts/xilinx/rtl/lib/synplify/synattr.vhd" into library synplify
Parsing VHDL file "E:/CADP/NeonBlast/VGA_Square.vhd" into library work
Parsing VHDL file "E:/CADP/NeonBlast/VGA_controller.vhd" into library work
Parsing VHDL file "E:/CADP/NeonBlast/NeonBlast.vhd" into library work
WARNING: [HDL 9-946] Actual for formal port reset is neither a static name nor a globally static expression [E:/CADP/NeonBlast/NeonBlast.vhd:92]
WARNING: [HDL 9-946] Actual for formal port reset is neither a static name nor a globally static expression [E:/CADP/NeonBlast/NeonBlast.vhd:102]
Loading clock regions from C:/Xilinx/14.7/ISE_DS/PlanAhead/data\parts/xilinx/spartan6/spartan6lx/xc6slx9/ClockRegion.xml
Loading clock buffers from C:/Xilinx/14.7/ISE_DS/PlanAhead/data\parts/xilinx/spartan6/spartan6lx/xc6slx9/ClockBuffers.xml
Loading package pin functions from C:/Xilinx/14.7/ISE_DS/PlanAhead/data\parts/xilinx/spartan6/PinFunctions.xml...
Loading package from C:/Xilinx/14.7/ISE_DS/PlanAhead/data\parts/xilinx/spartan6/spartan6lx/xc6slx9/tqg144/Package.xml
Loading io standards from C:/Xilinx/14.7/ISE_DS/PlanAhead/data\./parts/xilinx/spartan6/IOStandards.xml
Loading device configuration modes from C:/Xilinx/14.7/ISE_DS/PlanAhead/data\parts/xilinx/spartan6/ConfigModes.xml
Loading list of drcs for the architecture : C:/Xilinx/14.7/ISE_DS/PlanAhead/data\./parts/xilinx/spartan6/drc.xml
Parsing UCF File [E:/CADP/NeonBlast/vga.ucf]
Finished Parsing UCF File [E:/CADP/NeonBlast/vga.ucf]
INFO: [Project 1-111] Unisim Transformation Summary:
No Unisim elements were transformed.

Phase 0 | Netlist Checksum: 527068c4
open_rtl_design: Time (s): elapsed = 00:00:07 . Memory (MB): peak = 523.703 ; gain = 100.613
update_compile_order -fileset sim_1
exit
ERROR: [PlanAhead 12-106] *** Exception: ui.h.b: Found deleted key in HTclEventBroker. Verify if the classes listed here call cleanup()
HTclEvent: DEBUG_CORE_CONFIG_CHANGE   Classes: ui.views.aR 
HTclEvent: SIGNAL_MODIFY   Classes: ui.views.aR 
HTclEvent: SIGNAL_BUS_MODIFY   Classes: ui.views.aR 
HTclEvent: DEBUG_PORT_CONFIG_CHANGE   Classes: ui.views.aR 
 (See E:/CADP/NeonBlast\planAhead_pid13004.debug)
ERROR: [Common 17-39] 'stop_gui' failed due to earlier errors.
INFO: [Common 17-206] Exiting PlanAhead at Wed Jan 10 14:50:47 2024...
INFO: [Common 17-83] Releasing license: PlanAhead
